<?xml version="1.0" encoding="UTF-8"?>
<!-- Generated by org.testng.reporters.JUnitReportReporter -->
<testsuite hostname="Praful" failures="0" tests="2" name="TestLayer.HomePageTest" time="0.082" errors="0" timestamp="2023-10-05T20:36:40 IST" skipped="0">
  <testcase classname="TestLayer.HomePageTest" name="validateHomePageTitle" time="0.056"/>
  <system-out/>
  <testcase classname="TestLayer.HomePageTest" name="validateHomePageUrl" time="0.026"/>
  <system-out/>
</testsuite> <!-- TestLayer.HomePageTest -->
