<?xml version="1.0" encoding="UTF-8"?>
<!-- Generated by org.testng.reporters.JUnitReportReporter -->
<testsuite hostname="Praful" failures="0" tests="1" name="TestLayer.LoginPageTest" time="2.442" errors="0" timestamp="2023-10-05T20:08:12 IST" skipped="0">
  <testcase classname="TestLayer.LoginPageTest" name="validateLoginFunctionality" time="2.442"/>
  <system-out/>
</testsuite> <!-- TestLayer.LoginPageTest -->
