<?xml version="1.0" encoding="UTF-8"?>
<!-- Generated by org.testng.reporters.JUnitReportReporter -->
<testsuite hostname="Praful" failures="0" tests="2" name="TestLayer.PIMPageTest" time="7.962" errors="0" timestamp="2023-10-05T20:36:40 IST" skipped="0">
  <testcase classname="TestLayer.PIMPageTest" name="validateUserOnPIMPage" time="5.848"/>
  <system-out/>
  <testcase classname="TestLayer.PIMPageTest" name="validateCreatedEmployeeFunctionality" time="2.114"/>
  <system-out/>
</testsuite> <!-- TestLayer.PIMPageTest -->
